2023-11-21T10:01:46+00:00 CRITICAL Uncaught TypeError: call_user_func_array(): Argument #1 ($callback) must be a valid callback, function "custom_sound_field_page" not found or invalid function name in C:\xampp\htdocs\site3\wp-includes\class-wp-hook.php:324
Stack trace:
#0 C:\xampp\htdocs\site3\wp-includes\class-wp-hook.php(348): WP_Hook->apply_filters('', Array)
#1 C:\xampp\htdocs\site3\wp-includes\plugin.php(517): WP_Hook->do_action(Array)
#2 C:\xampp\htdocs\site3\wp-admin\admin.php(259): do_action('toplevel_page_c...')
#3 {main}
  thrown in C:\xampp\htdocs\site3\wp-includes\class-wp-hook.php on line 324

2023-11-21T10:10:19+00:00 CRITICAL Uncaught TypeError: call_user_func_array(): Argument #1 ($callback) must be a valid callback, function "custom_sound_field_page" not found or invalid function name in C:\xampp\htdocs\site3\wp-includes\class-wp-hook.php:324
Stack trace:
#0 C:\xampp\htdocs\site3\wp-includes\class-wp-hook.php(348): WP_Hook->apply_filters('', Array)
#1 C:\xampp\htdocs\site3\wp-includes\plugin.php(517): WP_Hook->do_action(Array)
#2 C:\xampp\htdocs\site3\wp-admin\admin.php(259): do_action('toplevel_page_c...')
#3 {main}
  thrown in C:\xampp\htdocs\site3\wp-includes\class-wp-hook.php on line 324

2023-11-21T10:10:22+00:00 CRITICAL Uncaught TypeError: call_user_func_array(): Argument #1 ($callback) must be a valid callback, function "custom_sound_field_page" not found or invalid function name in C:\xampp\htdocs\site3\wp-includes\class-wp-hook.php:324
Stack trace:
#0 C:\xampp\htdocs\site3\wp-includes\class-wp-hook.php(348): WP_Hook->apply_filters('', Array)
#1 C:\xampp\htdocs\site3\wp-includes\plugin.php(517): WP_Hook->do_action(Array)
#2 C:\xampp\htdocs\site3\wp-admin\admin.php(259): do_action('toplevel_page_c...')
#3 {main}
  thrown in C:\xampp\htdocs\site3\wp-includes\class-wp-hook.php on line 324

2023-11-21T10:11:09+00:00 CRITICAL Uncaught TypeError: call_user_func_array(): Argument #1 ($callback) must be a valid callback, function "custom_sound_field_page" not found or invalid function name in C:\xampp\htdocs\site3\wp-includes\class-wp-hook.php:324
Stack trace:
#0 C:\xampp\htdocs\site3\wp-includes\class-wp-hook.php(348): WP_Hook->apply_filters('', Array)
#1 C:\xampp\htdocs\site3\wp-includes\plugin.php(517): WP_Hook->do_action(Array)
#2 C:\xampp\htdocs\site3\wp-admin\admin.php(259): do_action('toplevel_page_c...')
#3 {main}
  thrown in C:\xampp\htdocs\site3\wp-includes\class-wp-hook.php on line 324

2023-11-21T10:11:26+00:00 CRITICAL Uncaught TypeError: call_user_func_array(): Argument #1 ($callback) must be a valid callback, function "custom_sound_field_page" not found or invalid function name in C:\xampp\htdocs\site3\wp-includes\class-wp-hook.php:324
Stack trace:
#0 C:\xampp\htdocs\site3\wp-includes\class-wp-hook.php(348): WP_Hook->apply_filters('', Array)
#1 C:\xampp\htdocs\site3\wp-includes\plugin.php(517): WP_Hook->do_action(Array)
#2 C:\xampp\htdocs\site3\wp-admin\admin.php(259): do_action('toplevel_page_c...')
#3 {main}
  thrown in C:\xampp\htdocs\site3\wp-includes\class-wp-hook.php on line 324

2023-11-21T10:53:50+00:00 CRITICAL Uncaught Error: [] operator not supported for strings in C:\xampp\htdocs\site3\wp-content\plugins\Custom-Sound-field\custom-sound.php:170
Stack trace:
#0 C:\xampp\htdocs\site3\wp-content\plugins\Custom-Sound-field\custom-sound.php(31): save_sound_data()
#1 C:\xampp\htdocs\site3\wp-includes\class-wp-hook.php(324): custom_sound_field_page('')
#2 C:\xampp\htdocs\site3\wp-includes\class-wp-hook.php(348): WP_Hook->apply_filters('', Array)
#3 C:\xampp\htdocs\site3\wp-includes\plugin.php(517): WP_Hook->do_action(Array)
#4 C:\xampp\htdocs\site3\wp-admin\admin.php(259): do_action('toplevel_page_c...')
#5 {main}
  thrown in C:\xampp\htdocs\site3\wp-content\plugins\Custom-Sound-field\custom-sound.php on line 170

2023-11-21T11:00:31+00:00 CRITICAL Uncaught Error: [] operator not supported for strings in C:\xampp\htdocs\site3\wp-content\plugins\Custom-Sound-field\custom-sound.php:184
Stack trace:
#0 C:\xampp\htdocs\site3\wp-content\plugins\Custom-Sound-field\custom-sound.php(31): save_sound_data()
#1 C:\xampp\htdocs\site3\wp-includes\class-wp-hook.php(324): custom_sound_field_page('')
#2 C:\xampp\htdocs\site3\wp-includes\class-wp-hook.php(348): WP_Hook->apply_filters('', Array)
#3 C:\xampp\htdocs\site3\wp-includes\plugin.php(517): WP_Hook->do_action(Array)
#4 C:\xampp\htdocs\site3\wp-admin\admin.php(259): do_action('toplevel_page_c...')
#5 {main}
  thrown in C:\xampp\htdocs\site3\wp-content\plugins\Custom-Sound-field\custom-sound.php on line 184

