2023-11-24T06:19:10+00:00 CRITICAL Uncaught TypeError: call_user_func_array(): Argument #1 ($callback) must be a valid callback, function "custom_checkBox_Field_page" not found or invalid function name in C:\xampp\htdocs\site3\wp-includes\class-wp-hook.php:324
Stack trace:
#0 C:\xampp\htdocs\site3\wp-includes\class-wp-hook.php(348): WP_Hook->apply_filters('', Array)
#1 C:\xampp\htdocs\site3\wp-includes\plugin.php(517): WP_Hook->do_action(Array)
#2 C:\xampp\htdocs\site3\wp-admin\admin.php(259): do_action('toplevel_page_c...')
#3 {main}
  thrown in C:\xampp\htdocs\site3\wp-includes\class-wp-hook.php on line 324

2023-11-24T10:09:57+00:00 CRITICAL Cannot redeclare csf_custom_sound_field_page() (previously declared in C:\xampp\htdocs\site3\wp-content\plugins\Custom-Sound-field\custom-sound.php:36) in C:\xampp\htdocs\site3\wp-content\plugins\check\check.php on line 16

2023-11-24T10:10:08+00:00 CRITICAL Cannot redeclare csf_custom_sound_field_page() (previously declared in C:\xampp\htdocs\site3\wp-content\plugins\Custom-Sound-field\custom-sound.php:36) in C:\xampp\htdocs\site3\wp-content\plugins\check\check.php on line 16

2023-11-24T10:12:06+00:00 CRITICAL Cannot redeclare csf_custom_sound_field_menu() (previously declared in C:\xampp\htdocs\site3\wp-content\plugins\Custom-Sound-field\custom-sound.php:22) in C:\xampp\htdocs\site3\wp-content\plugins\check\check.php on line 22

2023-11-24T11:58:36+00:00 CRITICAL Uncaught TypeError: array_map(): Argument #2 ($array) must be of type array, string given in C:\xampp\htdocs\site3\wp-content\plugins\Custom-Sound-field\custom-sound.php:211
Stack trace:
#0 C:\xampp\htdocs\site3\wp-content\plugins\Custom-Sound-field\custom-sound.php(211): array_map('sanitize_text_f...', 'Sound 8')
#1 C:\xampp\htdocs\site3\wp-includes\class-wp-hook.php(324): csf_save_sound_data_ajax('')
#2 C:\xampp\htdocs\site3\wp-includes\class-wp-hook.php(348): WP_Hook->apply_filters('', Array)
#3 C:\xampp\htdocs\site3\wp-includes\plugin.php(517): WP_Hook->do_action(Array)
#4 C:\xampp\htdocs\site3\wp-admin\admin-ajax.php(188): do_action('wp_ajax_csf_sav...')
#5 {main}
  thrown in C:\xampp\htdocs\site3\wp-content\plugins\Custom-Sound-field\custom-sound.php on line 211

2023-11-24T12:01:31+00:00 CRITICAL Uncaught TypeError: array_map(): Argument #2 ($array) must be of type array, string given in C:\xampp\htdocs\site3\wp-content\plugins\Custom-Sound-field\custom-sound.php:211
Stack trace:
#0 C:\xampp\htdocs\site3\wp-content\plugins\Custom-Sound-field\custom-sound.php(211): array_map('sanitize_text_f...', 'Sound 8')
#1 C:\xampp\htdocs\site3\wp-includes\class-wp-hook.php(324): csf_save_sound_data_ajax('')
#2 C:\xampp\htdocs\site3\wp-includes\class-wp-hook.php(348): WP_Hook->apply_filters('', Array)
#3 C:\xampp\htdocs\site3\wp-includes\plugin.php(517): WP_Hook->do_action(Array)
#4 C:\xampp\htdocs\site3\wp-admin\admin-ajax.php(188): do_action('wp_ajax_csf_sav...')
#5 {main}
  thrown in C:\xampp\htdocs\site3\wp-content\plugins\Custom-Sound-field\custom-sound.php on line 211

